<?xml version="1.0" encoding="UTF-8"?>
<!-- Generated by org.testng.reporters.JUnitXMLReporter -->
<testsuite hostname="vijay-PC" ignored="0" name="Banking app" tests="6" failures="4" timestamp="12 Jul 2021 03:27:38 GMT" time="99.37" errors="0">
  <testcase name="LOginDDT" time="12.303" classname="com.Pavanselframework.testcases.TC_LoginDDT_001"/>
  <testcase name="LOginDDT" time="10.997" classname="com.Pavanselframework.testcases.TC_LoginDDT_001">
    <failure type="junit.framework.AssertionFailedError">
      <![CDATA[junit.framework.AssertionFailedError
at junit.framework.Assert.fail(Assert.java:47)
at junit.framework.Assert.assertTrue(Assert.java:20)
at junit.framework.Assert.assertTrue(Assert.java:27)
at com.Pavanselframework.testcases.TC_LoginDDT_001.LOginDDT(TC_LoginDDT_001.java:34)
... Removed 28 stack frames]]>
    </failure>
  </testcase> <!-- LOginDDT -->
  <testcase name="LOginDDT" time="5.395" classname="com.Pavanselframework.testcases.TC_LoginDDT_001">
    <failure type="junit.framework.AssertionFailedError">
      <![CDATA[junit.framework.AssertionFailedError
at junit.framework.Assert.fail(Assert.java:47)
at junit.framework.Assert.assertTrue(Assert.java:20)
at junit.framework.Assert.assertTrue(Assert.java:27)
at com.Pavanselframework.testcases.TC_LoginDDT_001.LOginDDT(TC_LoginDDT_001.java:34)
... Removed 28 stack frames]]>
    </failure>
  </testcase> <!-- LOginDDT -->
  <testcase name="LOginDDT" time="15.651" classname="com.Pavanselframework.testcases.TC_LoginDDT_001"/>
  <testcase name="LOginDDT" time="5.446" classname="com.Pavanselframework.testcases.TC_LoginDDT_001">
    <failure type="junit.framework.AssertionFailedError">
      <![CDATA[junit.framework.AssertionFailedError
at junit.framework.Assert.fail(Assert.java:47)
at junit.framework.Assert.assertTrue(Assert.java:20)
at junit.framework.Assert.assertTrue(Assert.java:27)
at com.Pavanselframework.testcases.TC_LoginDDT_001.LOginDDT(TC_LoginDDT_001.java:34)
... Removed 28 stack frames]]>
    </failure>
  </testcase> <!-- LOginDDT -->
  <testcase name="LOginDDT" time="5.368" classname="com.Pavanselframework.testcases.TC_LoginDDT_001">
    <failure type="junit.framework.AssertionFailedError">
      <![CDATA[junit.framework.AssertionFailedError
at junit.framework.Assert.fail(Assert.java:47)
at junit.framework.Assert.assertTrue(Assert.java:20)
at junit.framework.Assert.assertTrue(Assert.java:27)
at com.Pavanselframework.testcases.TC_LoginDDT_001.LOginDDT(TC_LoginDDT_001.java:34)
... Removed 28 stack frames]]>
    </failure>
  </testcase> <!-- LOginDDT -->
</testsuite> <!-- Banking app -->
