<?xml version="1.0" encoding="UTF-8"?>
<testng-results skipped="6" failed="0" total="6" passed="0">
  <reporter-output>
  </reporter-output>
  <suite name="Default suite" duration-ms="7019" started-at="2021-09-16T14:17:11Z" finished-at="2021-09-16T14:17:18Z">
    <groups>
    </groups>
    <test name="Default test" duration-ms="7019" started-at="2021-09-16T14:17:11Z" finished-at="2021-09-16T14:17:18Z">
      <class name="com.Pavanselframework.testcases.TC_LoginDDT_001">
        <test-method status="FAIL" signature="setup(java.lang.String)[pri:0, instance:com.Pavanselframework.testcases.TC_LoginDDT_001@43a25848]" name="setup" is-config="true" duration-ms="0" started-at="2021-09-16T19:47:11Z" finished-at="2021-09-16T19:47:11Z">
          <exception class="org.testng.TestNGException">
            <message>
              <![CDATA[
Parameter 'browser' is required by @Configuration on method setup but has not been marked @Optional or defined
in C:\Users\admin\AppData\Local\Temp\testng-eclipse-161671631\testng-customsuite.xml]]>
            </message>
            <full-stacktrace>
              <![CDATA[org.testng.TestNGException: 
Parameter 'browser' is required by @Configuration on method setup but has not been marked @Optional or defined
in C:\Users\admin\AppData\Local\Temp\testng-eclipse-161671631\testng-customsuite.xml
	at org.testng.internal.Parameters.createParameters(Parameters.java:154)
	at org.testng.internal.Parameters.createParameters(Parameters.java:361)
	at org.testng.internal.Parameters.createConfigurationParameters(Parameters.java:84)
	at org.testng.internal.Invoker.invokeConfigurations(Invoker.java:201)
	at org.testng.internal.Invoker.invokeConfigurations(Invoker.java:142)
	at org.testng.internal.TestMethodWorker.invokeBeforeClassMethods(TestMethodWorker.java:178)
	at org.testng.internal.TestMethodWorker.run(TestMethodWorker.java:108)
	at org.testng.TestRunner.privateRun(TestRunner.java:782)
	at org.testng.TestRunner.run(TestRunner.java:632)
	at org.testng.SuiteRunner.runTest(SuiteRunner.java:366)
	at org.testng.SuiteRunner.runSequentially(SuiteRunner.java:361)
	at org.testng.SuiteRunner.privateRun(SuiteRunner.java:319)
	at org.testng.SuiteRunner.run(SuiteRunner.java:268)
	at org.testng.SuiteRunnerWorker.runSuite(SuiteRunnerWorker.java:52)
	at org.testng.SuiteRunnerWorker.run(SuiteRunnerWorker.java:86)
	at org.testng.TestNG.runSuitesSequentially(TestNG.java:1244)
	at org.testng.TestNG.runSuitesLocally(TestNG.java:1169)
	at org.testng.TestNG.run(TestNG.java:1064)
	at org.testng.remote.RemoteTestNG.run(RemoteTestNG.java:113)
	at org.testng.remote.RemoteTestNG.initAndRun(RemoteTestNG.java:206)
	at org.testng.remote.RemoteTestNG.main(RemoteTestNG.java:177)
]]>
            </full-stacktrace>
          </exception> <!-- org.testng.TestNGException -->
          <reporter-output>
          </reporter-output>
        </test-method> <!-- setup -->
        <test-method status="SKIP" signature="LOginDDT(java.lang.String, java.lang.String)[pri:0, instance:com.Pavanselframework.testcases.TC_LoginDDT_001@43a25848]" name="LOginDDT" duration-ms="5" started-at="2021-09-16T19:47:18Z" data-provider="LoginData" finished-at="2021-09-16T19:47:18Z">
          <params>
            <param index="0">
              <value>
                <![CDATA[mngr338707]]>
              </value>
            </param>
            <param index="1">
              <value>
                <![CDATA[agerUtY]]>
              </value>
            </param>
          </params>
          <reporter-output>
          </reporter-output>
        </test-method> <!-- LOginDDT -->
        <test-method status="SKIP" signature="LOginDDT(java.lang.String, java.lang.String)[pri:0, instance:com.Pavanselframework.testcases.TC_LoginDDT_001@43a25848]" name="LOginDDT" duration-ms="2" started-at="2021-09-16T19:47:18Z" data-provider="LoginData" finished-at="2021-09-16T19:47:18Z">
          <params>
            <param index="0">
              <value>
                <![CDATA[mngr83460]]>
              </value>
            </param>
            <param index="1">
              <value>
                <![CDATA[qAbUzyj]]>
              </value>
            </param>
          </params>
          <reporter-output>
          </reporter-output>
        </test-method> <!-- LOginDDT -->
        <test-method status="SKIP" signature="LOginDDT(java.lang.String, java.lang.String)[pri:0, instance:com.Pavanselframework.testcases.TC_LoginDDT_001@43a25848]" name="LOginDDT" duration-ms="0" started-at="2021-09-16T19:47:18Z" data-provider="LoginData" finished-at="2021-09-16T19:47:18Z">
          <params>
            <param index="0">
              <value>
                <![CDATA[mngr353217]]>
              </value>
            </param>
            <param index="1">
              <value>
                <![CDATA[ehadEru]]>
              </value>
            </param>
          </params>
          <reporter-output>
          </reporter-output>
        </test-method> <!-- LOginDDT -->
        <test-method status="SKIP" signature="LOginDDT(java.lang.String, java.lang.String)[pri:0, instance:com.Pavanselframework.testcases.TC_LoginDDT_001@43a25848]" name="LOginDDT" duration-ms="0" started-at="2021-09-16T19:47:18Z" data-provider="LoginData" finished-at="2021-09-16T19:47:18Z">
          <params>
            <param index="0">
              <value>
                <![CDATA[mngr338707]]>
              </value>
            </param>
            <param index="1">
              <value>
                <![CDATA[agerUtY]]>
              </value>
            </param>
          </params>
          <reporter-output>
          </reporter-output>
        </test-method> <!-- LOginDDT -->
        <test-method status="SKIP" signature="LOginDDT(java.lang.String, java.lang.String)[pri:0, instance:com.Pavanselframework.testcases.TC_LoginDDT_001@43a25848]" name="LOginDDT" duration-ms="0" started-at="2021-09-16T19:47:18Z" data-provider="LoginData" finished-at="2021-09-16T19:47:18Z">
          <params>
            <param index="0">
              <value>
                <![CDATA[mngr112909]]>
              </value>
            </param>
            <param index="1">
              <value>
                <![CDATA[tytUreg]]>
              </value>
            </param>
          </params>
          <reporter-output>
          </reporter-output>
        </test-method> <!-- LOginDDT -->
        <test-method status="SKIP" signature="LOginDDT(java.lang.String, java.lang.String)[pri:0, instance:com.Pavanselframework.testcases.TC_LoginDDT_001@43a25848]" name="LOginDDT" duration-ms="0" started-at="2021-09-16T19:47:18Z" data-provider="LoginData" finished-at="2021-09-16T19:47:18Z">
          <params>
            <param index="0">
              <value>
                <![CDATA[mngr332988]]>
              </value>
            </param>
            <param index="1">
              <value>
                <![CDATA[anugAhA]]>
              </value>
            </param>
          </params>
          <reporter-output>
          </reporter-output>
        </test-method> <!-- LOginDDT -->
        <test-method status="SKIP" signature="teardown()[pri:0, instance:com.Pavanselframework.testcases.TC_LoginDDT_001@43a25848]" name="teardown" is-config="true" duration-ms="0" started-at="2021-09-16T19:47:18Z" finished-at="2021-09-16T19:47:18Z">
          <reporter-output>
          </reporter-output>
        </test-method> <!-- teardown -->
      </class> <!-- com.Pavanselframework.testcases.TC_LoginDDT_001 -->
    </test> <!-- Default test -->
  </suite> <!-- Default suite -->
</testng-results>
